<?xml version='1.1' encoding='UTF-8'?>
<result plugin="junit@1.51">
  <suites>
    <suite>
      <file>/var/jenkins_home/workspace/baw-evilly/newman/report.xml</file>
      <name>section6 _ _auth</name>
      <stderr>Iteration: 0

---
testScriptError: Unexpected token &apos;&lt;&apos; at 1:1
&lt;!DOCTYPE HTML PUBLIC &quot;-//W3C//DTD HTML 4.01 Transitional//EN&quot;
^
---
</stderr>
      <duration>0.029</duration>
      <timestamp>2021-08-07T15:06:19.911Z</timestamp>
      <id>71d8622d-b028-4ac9-9b00-01a2e267bbb6</id>
      <time>0.029</time>
      <enclosingBlocks/>
      <enclosingBlockNames/>
      <cases>
        <case>
          <duration>0.029</duration>
          <className>Rest</className>
          <testName>Status code is 200</testName>
          <skipped>false</skipped>
          <errorStackTrace>
        Failed 1 times.
        Collection JSON ID: cc44742b-8b1a-40c4-b867-e541dea7abe8.
        Collection name: REST.
        Request name: section6 / /auth.
        Test description: Status code is 200.
        Error message: expected response to have status code 200 but got 500.
        Stacktrace: AssertionError: expected response to have status code 200 but got 500
   at Object.eval sandbox-script.js:1:2).
      </errorStackTrace>
          <errorDetails>expected response to have status code 200 but got 500</errorDetails>
          <failedSince>35</failedSince>
        </case>
        <case>
          <duration>0.029</duration>
          <className>Rest</className>
          <testName>Body matches string</testName>
          <skipped>false</skipped>
          <failedSince>0</failedSince>
        </case>
      </cases>
    </suite>
    <suite>
      <file>/var/jenkins_home/workspace/baw-evilly/newman/report.xml</file>
      <name>section6 _ _item_test</name>
      <duration>0.02</duration>
      <timestamp>2021-08-07T15:06:19.911Z</timestamp>
      <id>2efcbc4e-1bbf-4fa1-8423-72169cd102e8</id>
      <time>0.020</time>
      <enclosingBlocks/>
      <enclosingBlockNames/>
      <cases>
        <case>
          <duration>0.02</duration>
          <className>Rest</className>
          <testName>Status code is 200</testName>
          <skipped>false</skipped>
          <failedSince>0</failedSince>
        </case>
      </cases>
    </suite>
    <suite>
      <file>/var/jenkins_home/workspace/baw-evilly/newman/report.xml</file>
      <name>section6 _ _item_test</name>
      <duration>0.018</duration>
      <timestamp>2021-08-07T15:06:19.911Z</timestamp>
      <id>601bdbe2-0c79-43bc-af3d-9efe2ca85e84</id>
      <time>0.018</time>
      <enclosingBlocks/>
      <enclosingBlockNames/>
      <cases>
        <case>
          <duration>0.018</duration>
          <className>Rest</className>
          <testName>Status code is 200</testName>
          <skipped>false</skipped>
          <failedSince>0</failedSince>
        </case>
      </cases>
    </suite>
    <suite>
      <file>/var/jenkins_home/workspace/baw-evilly/newman/report.xml</file>
      <name>section6 _ _store_my_store</name>
      <duration>0.014</duration>
      <timestamp>2021-08-07T15:06:19.911Z</timestamp>
      <id>0f578450-1cff-469f-9ebe-b3062f5ca6f6</id>
      <time>0.014</time>
      <enclosingBlocks/>
      <enclosingBlockNames/>
      <cases>
        <case>
          <duration>0.014</duration>
          <className>Rest</className>
          <testName>Status code is 200</testName>
          <skipped>false</skipped>
          <errorStackTrace>
        Failed 1 times.
        Collection JSON ID: cc44742b-8b1a-40c4-b867-e541dea7abe8.
        Collection name: REST.
        Request name: section6 / /store/my_store.
        Test description: Status code is 200.
        Error message: expected response to have status code 201 but got 404.
        Stacktrace: AssertionError: expected response to have status code 201 but got 404
   at Object.eval sandbox-script.js:1:8).
      </errorStackTrace>
          <errorDetails>expected response to have status code 201 but got 404</errorDetails>
          <failedSince>35</failedSince>
        </case>
      </cases>
    </suite>
    <suite>
      <file>/var/jenkins_home/workspace/baw-evilly/newman/report.xml</file>
      <name>section6 _ _store_my_store</name>
      <duration>0.02</duration>
      <timestamp>2021-08-07T15:06:19.911Z</timestamp>
      <id>ba17b889-2f4d-49bf-a872-bc75373b9d4d</id>
      <time>0.020</time>
      <enclosingBlocks/>
      <enclosingBlockNames/>
      <cases>
        <case>
          <duration>0.02</duration>
          <className>Rest</className>
          <testName>Status code is 200</testName>
          <skipped>false</skipped>
          <failedSince>0</failedSince>
        </case>
      </cases>
    </suite>
    <suite>
      <file>/var/jenkins_home/workspace/baw-evilly/newman/report.xml</file>
      <name>section6 _ _store_my_store</name>
      <duration>0.019</duration>
      <timestamp>2021-08-07T15:06:19.911Z</timestamp>
      <id>bdb453f0-e72f-483d-9e2b-35f36a68dc08</id>
      <time>0.019</time>
      <enclosingBlocks/>
      <enclosingBlockNames/>
      <cases>
        <case>
          <duration>0.019</duration>
          <className>Rest</className>
          <testName>Status code is 200</testName>
          <skipped>false</skipped>
          <errorStackTrace>
        Failed 1 times.
        Collection JSON ID: cc44742b-8b1a-40c4-b867-e541dea7abe8.
        Collection name: REST.
        Request name: section6 / /store/my_store.
        Test description: Status code is 200.
        Error message: expected response to have status code 201 but got 200.
        Stacktrace: AssertionError: expected response to have status code 201 but got 200
   at Object.eval sandbox-script.js:1:10).
      </errorStackTrace>
          <errorDetails>expected response to have status code 201 but got 200</errorDetails>
          <failedSince>35</failedSince>
        </case>
      </cases>
    </suite>
  </suites>
  <duration>0.12</duration>
  <keepLongStdio>false</keepLongStdio>
</result>