<?xml version='1.1' encoding='UTF-8'?>
<result plugin="junit@1.51">
  <suites>
    <suite>
      <file>/var/jenkins_home/workspace/baw-evilly/newman/report.xml</file>
      <name>section6 _ _auth</name>
      <stderr>Iteration: 0

---
testScriptError: Unexpected token &apos;&lt;&apos; at 1:1
&lt;!DOCTYPE HTML PUBLIC &quot;-//W3C//DTD HTML 4.01 Transitional//EN&quot;
^
---
</stderr>
      <duration>0.023</duration>
      <timestamp>2021-08-07T15:23:39.640Z</timestamp>
      <id>038dc974-2947-4f7f-8b95-c5c5d7c4a61e</id>
      <time>0.023</time>
      <enclosingBlocks/>
      <enclosingBlockNames/>
      <cases>
        <case>
          <duration>0.023</duration>
          <className>Rest</className>
          <testName>Status code is 200</testName>
          <skipped>false</skipped>
          <errorStackTrace>
        Failed 1 times.
        Collection JSON ID: cc44742b-8b1a-40c4-b867-e541dea7abe8.
        Collection name: REST.
        Request name: section6 / /auth.
        Test description: Status code is 200.
        Error message: expected response to have status code 200 but got 500.
        Stacktrace: AssertionError: expected response to have status code 200 but got 500
   at Object.eval sandbox-script.js:1:2).
      </errorStackTrace>
          <errorDetails>expected response to have status code 200 but got 500</errorDetails>
          <failedSince>35</failedSince>
        </case>
        <case>
          <duration>0.023</duration>
          <className>Rest</className>
          <testName>Body matches string</testName>
          <skipped>false</skipped>
          <failedSince>0</failedSince>
        </case>
      </cases>
    </suite>
    <suite>
      <file>/var/jenkins_home/workspace/baw-evilly/newman/report.xml</file>
      <name>section6 _ _item_test</name>
      <duration>0.027</duration>
      <timestamp>2021-08-07T15:23:39.640Z</timestamp>
      <id>1f6add1d-3696-4aa8-8af1-7f985654aaf2</id>
      <time>0.027</time>
      <enclosingBlocks/>
      <enclosingBlockNames/>
      <cases>
        <case>
          <duration>0.027</duration>
          <className>Rest</className>
          <testName>Status code is 200</testName>
          <skipped>false</skipped>
          <failedSince>0</failedSince>
        </case>
      </cases>
    </suite>
    <suite>
      <file>/var/jenkins_home/workspace/baw-evilly/newman/report.xml</file>
      <name>section6 _ _item_test</name>
      <duration>0.021</duration>
      <timestamp>2021-08-07T15:23:39.640Z</timestamp>
      <id>1988855c-e19b-46bf-b5ad-d4930f5a0971</id>
      <time>0.021</time>
      <enclosingBlocks/>
      <enclosingBlockNames/>
      <cases>
        <case>
          <duration>0.021</duration>
          <className>Rest</className>
          <testName>Status code is 200</testName>
          <skipped>false</skipped>
          <failedSince>0</failedSince>
        </case>
      </cases>
    </suite>
    <suite>
      <file>/var/jenkins_home/workspace/baw-evilly/newman/report.xml</file>
      <name>section6 _ _store_my_store</name>
      <duration>0.013</duration>
      <timestamp>2021-08-07T15:23:39.640Z</timestamp>
      <id>a8c53112-ff19-435e-8548-a7804bb64263</id>
      <time>0.013</time>
      <enclosingBlocks/>
      <enclosingBlockNames/>
      <cases>
        <case>
          <duration>0.013</duration>
          <className>Rest</className>
          <testName>Status code is 200</testName>
          <skipped>false</skipped>
          <errorStackTrace>
        Failed 1 times.
        Collection JSON ID: cc44742b-8b1a-40c4-b867-e541dea7abe8.
        Collection name: REST.
        Request name: section6 / /store/my_store.
        Test description: Status code is 200.
        Error message: expected response to have status code 201 but got 404.
        Stacktrace: AssertionError: expected response to have status code 201 but got 404
   at Object.eval sandbox-script.js:1:8).
      </errorStackTrace>
          <errorDetails>expected response to have status code 201 but got 404</errorDetails>
          <failedSince>35</failedSince>
        </case>
      </cases>
    </suite>
    <suite>
      <file>/var/jenkins_home/workspace/baw-evilly/newman/report.xml</file>
      <name>section6 _ _store_my_store</name>
      <duration>0.025</duration>
      <timestamp>2021-08-07T15:23:39.640Z</timestamp>
      <id>8498f761-0e99-4c18-af5b-faa2cb7ee3b0</id>
      <time>0.025</time>
      <enclosingBlocks/>
      <enclosingBlockNames/>
      <cases>
        <case>
          <duration>0.025</duration>
          <className>Rest</className>
          <testName>Status code is 200</testName>
          <skipped>false</skipped>
          <failedSince>0</failedSince>
        </case>
      </cases>
    </suite>
    <suite>
      <file>/var/jenkins_home/workspace/baw-evilly/newman/report.xml</file>
      <name>section6 _ _store_my_store</name>
      <duration>0.021</duration>
      <timestamp>2021-08-07T15:23:39.640Z</timestamp>
      <id>418d0702-2c51-458a-ba74-93b1cd2e78af</id>
      <time>0.021</time>
      <enclosingBlocks/>
      <enclosingBlockNames/>
      <cases>
        <case>
          <duration>0.021</duration>
          <className>Rest</className>
          <testName>Status code is 200</testName>
          <skipped>false</skipped>
          <errorStackTrace>
        Failed 1 times.
        Collection JSON ID: cc44742b-8b1a-40c4-b867-e541dea7abe8.
        Collection name: REST.
        Request name: section6 / /store/my_store.
        Test description: Status code is 200.
        Error message: expected response to have status code 201 but got 200.
        Stacktrace: AssertionError: expected response to have status code 201 but got 200
   at Object.eval sandbox-script.js:1:10).
      </errorStackTrace>
          <errorDetails>expected response to have status code 201 but got 200</errorDetails>
          <failedSince>35</failedSince>
        </case>
      </cases>
    </suite>
  </suites>
  <duration>0.13000001</duration>
  <keepLongStdio>false</keepLongStdio>
</result>