<?xml version='1.1' encoding='UTF-8'?>
<result plugin="junit@1.51">
  <suites>
    <suite>
      <file>/var/jenkins_home/workspace/baw-evilly/newman/report.xml</file>
      <name>section6 _ _auth</name>
      <stderr>Iteration: 0

---
testScriptError: Unexpected token &apos;&lt;&apos; at 1:1
&lt;!DOCTYPE HTML PUBLIC &quot;-//W3C//DTD HTML 4.01 Transitional//EN&quot;
^
---
</stderr>
      <duration>0.026</duration>
      <timestamp>2021-08-07T15:13:16.492Z</timestamp>
      <id>1d8dd23f-1ba5-4667-b9cd-6731dea40a6d</id>
      <time>0.026</time>
      <enclosingBlocks/>
      <enclosingBlockNames/>
      <cases>
        <case>
          <duration>0.026</duration>
          <className>Rest</className>
          <testName>Status code is 200</testName>
          <skipped>false</skipped>
          <errorStackTrace>
        Failed 1 times.
        Collection JSON ID: cc44742b-8b1a-40c4-b867-e541dea7abe8.
        Collection name: REST.
        Request name: section6 / /auth.
        Test description: Status code is 200.
        Error message: expected response to have status code 200 but got 500.
        Stacktrace: AssertionError: expected response to have status code 200 but got 500
   at Object.eval sandbox-script.js:1:2).
      </errorStackTrace>
          <errorDetails>expected response to have status code 200 but got 500</errorDetails>
          <failedSince>35</failedSince>
        </case>
        <case>
          <duration>0.026</duration>
          <className>Rest</className>
          <testName>Body matches string</testName>
          <skipped>false</skipped>
          <failedSince>0</failedSince>
        </case>
      </cases>
    </suite>
    <suite>
      <file>/var/jenkins_home/workspace/baw-evilly/newman/report.xml</file>
      <name>section6 _ _item_test</name>
      <duration>0.059</duration>
      <timestamp>2021-08-07T15:13:16.492Z</timestamp>
      <id>439dcb28-4edb-4456-90d4-0bc3c6340f81</id>
      <time>0.059</time>
      <enclosingBlocks/>
      <enclosingBlockNames/>
      <cases>
        <case>
          <duration>0.059</duration>
          <className>Rest</className>
          <testName>Status code is 200</testName>
          <skipped>false</skipped>
          <failedSince>0</failedSince>
        </case>
      </cases>
    </suite>
    <suite>
      <file>/var/jenkins_home/workspace/baw-evilly/newman/report.xml</file>
      <name>section6 _ _item_test</name>
      <duration>0.019</duration>
      <timestamp>2021-08-07T15:13:16.492Z</timestamp>
      <id>bd850b4e-6de6-489d-835e-2e234c240a85</id>
      <time>0.019</time>
      <enclosingBlocks/>
      <enclosingBlockNames/>
      <cases>
        <case>
          <duration>0.019</duration>
          <className>Rest</className>
          <testName>Status code is 200</testName>
          <skipped>false</skipped>
          <failedSince>0</failedSince>
        </case>
      </cases>
    </suite>
    <suite>
      <file>/var/jenkins_home/workspace/baw-evilly/newman/report.xml</file>
      <name>section6 _ _store_my_store</name>
      <duration>0.014</duration>
      <timestamp>2021-08-07T15:13:16.492Z</timestamp>
      <id>225fa80f-5745-4c42-8e91-31a5865a7a12</id>
      <time>0.014</time>
      <enclosingBlocks/>
      <enclosingBlockNames/>
      <cases>
        <case>
          <duration>0.014</duration>
          <className>Rest</className>
          <testName>Status code is 200</testName>
          <skipped>false</skipped>
          <errorStackTrace>
        Failed 1 times.
        Collection JSON ID: cc44742b-8b1a-40c4-b867-e541dea7abe8.
        Collection name: REST.
        Request name: section6 / /store/my_store.
        Test description: Status code is 200.
        Error message: expected response to have status code 201 but got 404.
        Stacktrace: AssertionError: expected response to have status code 201 but got 404
   at Object.eval sandbox-script.js:1:8).
      </errorStackTrace>
          <errorDetails>expected response to have status code 201 but got 404</errorDetails>
          <failedSince>35</failedSince>
        </case>
      </cases>
    </suite>
    <suite>
      <file>/var/jenkins_home/workspace/baw-evilly/newman/report.xml</file>
      <name>section6 _ _store_my_store</name>
      <duration>0.018</duration>
      <timestamp>2021-08-07T15:13:16.492Z</timestamp>
      <id>a14b3363-5665-4e23-8c50-a29587a59773</id>
      <time>0.018</time>
      <enclosingBlocks/>
      <enclosingBlockNames/>
      <cases>
        <case>
          <duration>0.018</duration>
          <className>Rest</className>
          <testName>Status code is 200</testName>
          <skipped>false</skipped>
          <failedSince>0</failedSince>
        </case>
      </cases>
    </suite>
    <suite>
      <file>/var/jenkins_home/workspace/baw-evilly/newman/report.xml</file>
      <name>section6 _ _store_my_store</name>
      <duration>0.024</duration>
      <timestamp>2021-08-07T15:13:16.492Z</timestamp>
      <id>41313829-effd-49b0-b5de-999c627b7123</id>
      <time>0.024</time>
      <enclosingBlocks/>
      <enclosingBlockNames/>
      <cases>
        <case>
          <duration>0.024</duration>
          <className>Rest</className>
          <testName>Status code is 200</testName>
          <skipped>false</skipped>
          <errorStackTrace>
        Failed 1 times.
        Collection JSON ID: cc44742b-8b1a-40c4-b867-e541dea7abe8.
        Collection name: REST.
        Request name: section6 / /store/my_store.
        Test description: Status code is 200.
        Error message: expected response to have status code 201 but got 200.
        Stacktrace: AssertionError: expected response to have status code 201 but got 200
   at Object.eval sandbox-script.js:1:10).
      </errorStackTrace>
          <errorDetails>expected response to have status code 201 but got 200</errorDetails>
          <failedSince>35</failedSince>
        </case>
      </cases>
    </suite>
  </suites>
  <duration>0.16000001</duration>
  <keepLongStdio>false</keepLongStdio>
</result>